make --dry-run --always-make --keep-going --print-directory
make: Entering directory '/home/juwonpee/Share/projects/miniOS'
i686-elf-gcc -Isrc/ -Isrc/include/ -Isrc/kernel -Isrc/driver -g -c src/bootloader/bootloader.S -o src/bootloader/bootloader.o
 
i686-elf-gcc -Isrc/ -Isrc/include/ -Isrc/kernel -Isrc/driver -c src/driver/apic.c -o src/driver/apic.o -O0 -ggdb -ffreestanding -Wall
 
i686-elf-gcc -Isrc/ -Isrc/include/ -Isrc/kernel -Isrc/driver -c src/driver/ata.c -o src/driver/ata.o -O0 -ggdb -ffreestanding -Wall
 
i686-elf-gcc -Isrc/ -Isrc/include/ -Isrc/kernel -Isrc/driver -c src/driver/io.c -o src/driver/io.o -O0 -ggdb -ffreestanding -Wall
 
i686-elf-gcc -Isrc/ -Isrc/include/ -Isrc/kernel -Isrc/driver -c src/driver/pit.c -o src/driver/pit.o -O0 -ggdb -ffreestanding -Wall
 
i686-elf-gcc -Isrc/ -Isrc/include/ -Isrc/kernel -Isrc/driver -c src/driver/print.c -o src/driver/print.o -O0 -ggdb -ffreestanding -Wall
 
i686-elf-gcc -Isrc/ -Isrc/include/ -Isrc/kernel -Isrc/driver -c src/driver/vfs.c -o src/driver/vfs.o -O0 -ggdb -ffreestanding -Wall
 
i686-elf-gcc -Isrc/ -Isrc/include/ -Isrc/kernel -Isrc/driver -c src/include/math.c -o src/include/math.o -O0 -ggdb -ffreestanding -Wall
 
i686-elf-gcc -Isrc/ -Isrc/include/ -Isrc/kernel -Isrc/driver -c src/include/string.c -o src/include/string.o -O0 -ggdb -ffreestanding -Wall
 
i686-elf-gcc -Isrc/ -Isrc/include/ -Isrc/kernel -Isrc/driver -c src/kernel/acpi.c -o src/kernel/acpi.o -O0 -ggdb -ffreestanding -Wall
 
i686-elf-gcc -Isrc/ -Isrc/include/ -Isrc/kernel -Isrc/driver -c src/kernel/interrupt.c -o src/kernel/interrupt.o -O0 -ggdb -ffreestanding -Wall -mgeneral-regs-only
 
i686-elf-gcc -Isrc/ -Isrc/include/ -Isrc/kernel -Isrc/driver -c src/kernel/kernel_init.c -o src/kernel/kernel_init.o -O0 -ggdb -ffreestanding -Wall
 
i686-elf-gcc -Isrc/ -Isrc/include/ -Isrc/kernel -Isrc/driver -c src/kernel/memory.c -o src/kernel/memory.o -O0 -ggdb -ffreestanding -Wall
 
i686-elf-gcc -Isrc/ -Isrc/include/ -Isrc/kernel -Isrc/driver -c src/kernel/panic.c -o src/kernel/panic.o -O0 -ggdb -ffreestanding -Wall
 
i686-elf-gcc -Isrc/ -Isrc/include/ -Isrc/kernel -Isrc/driver -c src/kernel/sched.c -o src/kernel/sched.o -O0 -ggdb -ffreestanding -Wall
i686-elf-gcc -T src/linker.ld -o build/isodir/boot/miniOS.bin src/bootloader/bootloader.o src/driver/apic.o src/driver/ata.o src/driver/io.o src/driver/pit.o src/driver/print.o src/driver/vfs.o src/include/math.o src/include/string.o src/kernel/acpi.o src/kernel/interrupt.o src/kernel/kernel_init.o src/kernel/memory.o src/kernel/panic.o src/kernel/sched.o -lgcc -nostdlib
make check_multiboot
grub-mkrescue --modules="normal part_msdos ext2 multiboot multiboot2" -o build/miniOS.iso build/isodir
make clean
make: Leaving directory '/home/juwonpee/Share/projects/miniOS'
 
